[debug] [2020-10-06T10:22:30.376Z] ----------------------------------------------------------------------
[debug] [2020-10-06T10:22:30.380Z] Command:       /usr/local/Cellar/node/14.12.0/bin/node /usr/local/bin/firebase emulators:start
[debug] [2020-10-06T10:22:30.380Z] CLI Version:   8.11.2
[debug] [2020-10-06T10:22:30.381Z] Platform:      darwin
[debug] [2020-10-06T10:22:30.381Z] Node Version:  v14.12.0
[debug] [2020-10-06T10:22:30.383Z] Time:          Tue Oct 06 2020 13:22:30 GMT+0300 (Moscow Standard Time)
[debug] [2020-10-06T10:22:30.383Z] ----------------------------------------------------------------------
[debug] [2020-10-06T10:22:30.384Z] 
[debug] [2020-10-06T10:22:30.396Z] > command requires scopes: ["email","openid","https://www.googleapis.com/auth/cloudplatformprojects.readonly","https://www.googleapis.com/auth/firebase","https://www.googleapis.com/auth/cloud-platform"]
[debug] [2020-10-06T10:22:30.396Z] > authorizing via signed-in user
[info] i  emulators: Starting emulators: functions, hosting {"metadata":{"emulator":{"name":"hub"},"message":"Starting emulators: functions, hosting"}}
[debug] [2020-10-06T10:22:30.435Z] [hub] writing locator at /var/folders/4g/55_y28d11718b9cybbt_kzs40000gp/T/hub-clone-15b44.json
[warn] ⚠  functions: The following emulators are not running, calls to these services from the Functions emulator will affect production: auth, firestore, database, pubsub {"metadata":{"emulator":{"name":"functions"},"message":"The following emulators are not running, calls to these services from the Functions emulator will affect production: \u001b[1mauth, firestore, database, pubsub\u001b[22m"}}
[warn] ⚠  Your requested "node" version "10" doesn't match your global version "14" {"metadata":{"emulator":{"name":"functions"},"message":"Your requested \"node\" version \"10\" doesn't match your global version \"14\""}}
[debug] [2020-10-06T10:22:30.476Z] defaultcredentials: writing to file /Users/alex/.config/firebase/alexndr86_gmail_com_application_default_credentials.json
[debug] [2020-10-06T10:22:30.481Z] Setting GAC to /Users/alex/.config/firebase/alexndr86_gmail_com_application_default_credentials.json {"metadata":{"emulator":{"name":"functions"},"message":"Setting GAC to /Users/alex/.config/firebase/alexndr86_gmail_com_application_default_credentials.json"}}
[debug] [2020-10-06T10:22:30.503Z] > refreshing access token with scopes: ["email","https://www.googleapis.com/auth/cloud-platform","https://www.googleapis.com/auth/cloudplatformprojects.readonly","https://www.googleapis.com/auth/firebase","openid"]
[debug] [2020-10-06T10:22:30.503Z] >>> HTTP REQUEST POST https://www.googleapis.com/oauth2/v3/token  
 <request body omitted>
[debug] [2020-10-06T10:22:30.931Z] <<< HTTP RESPONSE 200 {"date":"Tue, 06 Oct 2020 10:22:30 GMT","expires":"Mon, 01 Jan 1990 00:00:00 GMT","cache-control":"no-cache, no-store, max-age=0, must-revalidate","pragma":"no-cache","content-type":"application/json; charset=utf-8","vary":"X-Origin, Referer, Origin,Accept-Encoding","server":"scaffolding on HTTPServer2","x-xss-protection":"0","x-frame-options":"SAMEORIGIN","x-content-type-options":"nosniff","alt-svc":"h3-Q050=\":443\"; ma=2592000,h3-29=\":443\"; ma=2592000,h3-27=\":443\"; ma=2592000,h3-T051=\":443\"; ma=2592000,h3-T050=\":443\"; ma=2592000,h3-Q046=\":443\"; ma=2592000,h3-Q043=\":443\"; ma=2592000,quic=\":443\"; ma=2592000; v=\"46,43\"","accept-ranges":"none","transfer-encoding":"chunked"}
[debug] [2020-10-06T10:22:30.956Z] >>> HTTP REQUEST GET https://firebase.googleapis.com/v1beta1/projects/clone-15b44/webApps/-/config  
 
[debug] [2020-10-06T10:22:32.406Z] <<< HTTP RESPONSE 200 {"content-type":"application/json; charset=UTF-8","vary":"X-Origin, Referer, Origin,Accept-Encoding","date":"Tue, 06 Oct 2020 10:22:32 GMT","server":"ESF","cache-control":"private","x-xss-protection":"0","x-frame-options":"SAMEORIGIN","x-content-type-options":"nosniff","alt-svc":"h3-Q050=\":443\"; ma=2592000,h3-29=\":443\"; ma=2592000,h3-27=\":443\"; ma=2592000,h3-T051=\":443\"; ma=2592000,h3-T050=\":443\"; ma=2592000,h3-Q046=\":443\"; ma=2592000,h3-Q043=\":443\"; ma=2592000,quic=\":443\"; ma=2592000; v=\"46,43\"","accept-ranges":"none","transfer-encoding":"chunked"}
[info] i  hosting: Serving hosting files from: build {"metadata":{"emulator":{"name":"hosting"},"message":"Serving hosting files from: \u001b[1mbuild\u001b[22m"}}
[info] ✔  hosting: Local server: http://localhost:5000 {"metadata":{"emulator":{"name":"hosting"},"message":"Local server: \u001b[4m\u001b[1mhttp://localhost:5000\u001b[22m\u001b[24m"}}
[debug] [2020-10-06T10:22:32.485Z] Ignoring unsupported arg: auto_download {"metadata":{"emulator":{"name":"ui"},"message":"Ignoring unsupported arg: auto_download"}}
[debug] [2020-10-06T10:22:32.485Z] Ignoring unsupported arg: port {"metadata":{"emulator":{"name":"ui"},"message":"Ignoring unsupported arg: port"}}
[debug] [2020-10-06T10:22:32.485Z] Starting Emulator UI with command {"binary":"node","args":["/Users/alex/.cache/firebase/emulators/ui-v1.1.1/server.bundle.js"],"optionalArgs":[],"joinArgs":false} {"metadata":{"emulator":{"name":"ui"},"message":"Starting Emulator UI with command {\"binary\":\"node\",\"args\":[\"/Users/alex/.cache/firebase/emulators/ui-v1.1.1/server.bundle.js\"],\"optionalArgs\":[],\"joinArgs\":false}"}}
[info] i  ui: Emulator UI logging to ui-debug.log {"metadata":{"emulator":{"name":"ui"},"message":"Emulator UI logging to \u001b[1mui-debug.log\u001b[22m"}}
[debug] [2020-10-06T10:22:33.447Z] Web / API server started at http://localhost:4000
 {"metadata":{"emulator":{"name":"ui"},"message":"Web / API server started at http://localhost:4000\n"}}
[info] i  functions: Watching "/Users/alex/Documents/develop/js/react/amazon-clone/functions" for Cloud Functions... {"metadata":{"emulator":{"name":"functions"},"message":"Watching \"/Users/alex/Documents/develop/js/react/amazon-clone/functions\" for Cloud Functions..."}}
[debug] [2020-10-06T10:22:33.575Z] [worker-pool] addWorker(~diagnostic~) {"metadata":{"emulator":{"name":"functions"},"message":"[worker-pool] addWorker(~diagnostic~)"}}
[debug] [2020-10-06T10:22:33.576Z] [worker-pool] Adding worker with key ~diagnostic~, total=1 {"metadata":{"emulator":{"name":"functions"},"message":"[worker-pool] Adding worker with key ~diagnostic~, total=1"}}
[debug] [2020-10-06T10:22:33.576Z] [worker-pool] submitWork(triggerId=) {"metadata":{"emulator":{"name":"functions"},"message":"[worker-pool] submitWork(triggerId=)"}}
[debug] [2020-10-06T10:22:33.577Z] [worker-~diagnostic~-60f6feea-4dd7-48d6-b2c4-0cbb2b1f1184]: Assigning socketPath: /var/folders/4g/55_y28d11718b9cybbt_kzs40000gp/T/fire_emu_26318.sock {"metadata":{"emulator":{"name":"functions"},"message":"[worker-~diagnostic~-60f6feea-4dd7-48d6-b2c4-0cbb2b1f1184]: Assigning socketPath: /var/folders/4g/55_y28d11718b9cybbt_kzs40000gp/T/fire_emu_26318.sock"}}
[debug] [2020-10-06T10:22:33.577Z] [worker-~diagnostic~-60f6feea-4dd7-48d6-b2c4-0cbb2b1f1184]: BUSY {"metadata":{"emulator":{"name":"functions"},"message":"[worker-~diagnostic~-60f6feea-4dd7-48d6-b2c4-0cbb2b1f1184]: BUSY"}}
[debug] [2020-10-06T10:22:34.557Z] [runtime-status] [26318] Functions runtime initialized. {"cwd":"/Users/alex/Documents/develop/js/react/amazon-clone/functions","node_version":"14.12.0"} {"metadata":{"emulator":{"name":"functions"},"message":"[runtime-status] [26318] Functions runtime initialized. {\"cwd\":\"/Users/alex/Documents/develop/js/react/amazon-clone/functions\",\"node_version\":\"14.12.0\"}"}}
[debug] [2020-10-06T10:22:34.557Z] [runtime-status] [26318] Disabled runtime features: undefined {"metadata":{"emulator":{"name":"functions"},"message":"[runtime-status] [26318] Disabled runtime features: undefined"}}
[debug] [2020-10-06T10:22:34.563Z] [runtime-status] [26318] Resolved module firebase-admin {"declared":true,"installed":true,"version":"8.13.0","resolution":"/Users/alex/Documents/develop/js/react/amazon-clone/functions/node_modules/firebase-admin/lib/index.js"} {"metadata":{"emulator":{"name":"functions"},"message":"[runtime-status] [26318] Resolved module firebase-admin {\"declared\":true,\"installed\":true,\"version\":\"8.13.0\",\"resolution\":\"/Users/alex/Documents/develop/js/react/amazon-clone/functions/node_modules/firebase-admin/lib/index.js\"}"}}
[debug] [2020-10-06T10:22:34.567Z] [runtime-status] [26318] Resolved module firebase-functions {"declared":true,"installed":true,"version":"3.11.0","resolution":"/Users/alex/Documents/develop/js/react/amazon-clone/functions/node_modules/firebase-functions/lib/index.js"} {"metadata":{"emulator":{"name":"functions"},"message":"[runtime-status] [26318] Resolved module firebase-functions {\"declared\":true,\"installed\":true,\"version\":\"3.11.0\",\"resolution\":\"/Users/alex/Documents/develop/js/react/amazon-clone/functions/node_modules/firebase-functions/lib/index.js\"}"}}
[debug] [2020-10-06T10:22:34.569Z] [runtime-status] [26318] Resolved module firebase-functions {"declared":true,"installed":true,"version":"3.11.0","resolution":"/Users/alex/Documents/develop/js/react/amazon-clone/functions/node_modules/firebase-functions/lib/index.js"} {"metadata":{"emulator":{"name":"functions"},"message":"[runtime-status] [26318] Resolved module firebase-functions {\"declared\":true,\"installed\":true,\"version\":\"3.11.0\",\"resolution\":\"/Users/alex/Documents/develop/js/react/amazon-clone/functions/node_modules/firebase-functions/lib/index.js\"}"}}
[debug] [2020-10-06T10:22:34.573Z] [runtime-status] [26318] Outgoing network have been stubbed. [{"name":"http","status":"mocked"},{"name":"http","status":"mocked"},{"name":"https","status":"mocked"},{"name":"https","status":"mocked"},{"name":"net","status":"mocked"}] {"metadata":{"emulator":{"name":"functions"},"message":"[runtime-status] [26318] Outgoing network have been stubbed. [{\"name\":\"http\",\"status\":\"mocked\"},{\"name\":\"http\",\"status\":\"mocked\"},{\"name\":\"https\",\"status\":\"mocked\"},{\"name\":\"https\",\"status\":\"mocked\"},{\"name\":\"net\",\"status\":\"mocked\"}]"}}
[debug] [2020-10-06T10:22:34.573Z] [runtime-status] [26318] Resolved module firebase-functions {"declared":true,"installed":true,"version":"3.11.0","resolution":"/Users/alex/Documents/develop/js/react/amazon-clone/functions/node_modules/firebase-functions/lib/index.js"} {"metadata":{"emulator":{"name":"functions"},"message":"[runtime-status] [26318] Resolved module firebase-functions {\"declared\":true,\"installed\":true,\"version\":\"3.11.0\",\"resolution\":\"/Users/alex/Documents/develop/js/react/amazon-clone/functions/node_modules/firebase-functions/lib/index.js\"}"}}
[debug] [2020-10-06T10:22:34.728Z] [runtime-status] [26318] Checked functions.config() {"config":{}} {"metadata":{"emulator":{"name":"functions"},"message":"[runtime-status] [26318] Checked functions.config() {\"config\":{}}"}}
[debug] [2020-10-06T10:22:34.728Z] [runtime-status] [26318] firebase-functions has been stubbed. {"functionsResolution":{"declared":true,"installed":true,"version":"3.11.0","resolution":"/Users/alex/Documents/develop/js/react/amazon-clone/functions/node_modules/firebase-functions/lib/index.js"}} {"metadata":{"emulator":{"name":"functions"},"message":"[runtime-status] [26318] firebase-functions has been stubbed. {\"functionsResolution\":{\"declared\":true,\"installed\":true,\"version\":\"3.11.0\",\"resolution\":\"/Users/alex/Documents/develop/js/react/amazon-clone/functions/node_modules/firebase-functions/lib/index.js\"}}"}}
[debug] [2020-10-06T10:22:34.728Z] [runtime-status] [26318] Resolved module firebase-functions {"declared":true,"installed":true,"version":"3.11.0","resolution":"/Users/alex/Documents/develop/js/react/amazon-clone/functions/node_modules/firebase-functions/lib/index.js"} {"metadata":{"emulator":{"name":"functions"},"message":"[runtime-status] [26318] Resolved module firebase-functions {\"declared\":true,\"installed\":true,\"version\":\"3.11.0\",\"resolution\":\"/Users/alex/Documents/develop/js/react/amazon-clone/functions/node_modules/firebase-functions/lib/index.js\"}"}}
[debug] [2020-10-06T10:22:34.729Z] [runtime-status] [26318] Resolved module firebase-admin {"declared":true,"installed":true,"version":"8.13.0","resolution":"/Users/alex/Documents/develop/js/react/amazon-clone/functions/node_modules/firebase-admin/lib/index.js"} {"metadata":{"emulator":{"name":"functions"},"message":"[runtime-status] [26318] Resolved module firebase-admin {\"declared\":true,\"installed\":true,\"version\":\"8.13.0\",\"resolution\":\"/Users/alex/Documents/develop/js/react/amazon-clone/functions/node_modules/firebase-admin/lib/index.js\"}"}}
[debug] [2020-10-06T10:22:34.729Z] [runtime-status] [26318] Resolved module firebase-functions {"declared":true,"installed":true,"version":"3.11.0","resolution":"/Users/alex/Documents/develop/js/react/amazon-clone/functions/node_modules/firebase-functions/lib/index.js"} {"metadata":{"emulator":{"name":"functions"},"message":"[runtime-status] [26318] Resolved module firebase-functions {\"declared\":true,\"installed\":true,\"version\":\"3.11.0\",\"resolution\":\"/Users/alex/Documents/develop/js/react/amazon-clone/functions/node_modules/firebase-functions/lib/index.js\"}"}}
[debug] [2020-10-06T10:22:34.729Z] [runtime-status] [26318] firebase-admin has been stubbed. {"adminResolution":{"declared":true,"installed":true,"version":"8.13.0","resolution":"/Users/alex/Documents/develop/js/react/amazon-clone/functions/node_modules/firebase-admin/lib/index.js"}} {"metadata":{"emulator":{"name":"functions"},"message":"[runtime-status] [26318] firebase-admin has been stubbed. {\"adminResolution\":{\"declared\":true,\"installed\":true,\"version\":\"8.13.0\",\"resolution\":\"/Users/alex/Documents/develop/js/react/amazon-clone/functions/node_modules/firebase-admin/lib/index.js\"}}"}}
[info] ✔  functions[api]: http function initialized (http://localhost:5001/clone-15b44/us-central1/api). {"metadata":{"emulator":{"name":"functions"},"message":"\u001b[1mhttp\u001b[22m function initialized (http://localhost:5001/clone-15b44/us-central1/api)."}}
[info] 
┌───────────────────────────────────────────────────────────────────────┐
│ ✔  All emulators ready! View status and logs at http://localhost:4000 │
└───────────────────────────────────────────────────────────────────────┘

┌───────────┬────────────────┬─────────────────────────────────┐
│ Emulator  │ Host:Port      │ View in Emulator UI             │
├───────────┼────────────────┼─────────────────────────────────┤
│ Functions │ localhost:5001 │ http://localhost:4000/functions │
├───────────┼────────────────┼─────────────────────────────────┤
│ Hosting   │ localhost:5000 │ n/a                             │
└───────────┴────────────────┴─────────────────────────────────┘
  Other reserved ports: 4400, 4500

Issues? Report them at https://github.com/firebase/firebase-tools/issues and attach the *-debug.log files.
 
[debug] [2020-10-06T10:22:35.177Z] [worker-~diagnostic~-60f6feea-4dd7-48d6-b2c4-0cbb2b1f1184]: IDLE {"metadata":{"emulator":{"name":"functions"},"message":"[worker-~diagnostic~-60f6feea-4dd7-48d6-b2c4-0cbb2b1f1184]: IDLE"}}
[debug] [2020-10-06T10:23:22.904Z] [work-queue] {"queueLength":1,"workRunningCount":0}
[debug] [2020-10-06T10:23:22.906Z] [work-queue] {"queueLength":0,"workRunningCount":1}
[debug] [2020-10-06T10:23:22.908Z] Accepted request POST /clone-15b44/us-central1/api/payments/create?total=0 --> api
[debug] [2020-10-06T10:23:22.921Z] [worker-pool] addWorker(api) {"metadata":{"emulator":{"name":"functions"},"message":"[worker-pool] addWorker(api)"}}
[debug] [2020-10-06T10:23:22.922Z] [worker-pool] Adding worker with key api, total=1 {"metadata":{"emulator":{"name":"functions"},"message":"[worker-pool] Adding worker with key api, total=1"}}
[debug] [2020-10-06T10:23:22.922Z] [worker-pool] submitWork(triggerId=api) {"metadata":{"emulator":{"name":"functions"},"message":"[worker-pool] submitWork(triggerId=api)"}}
[debug] [2020-10-06T10:23:22.922Z] [worker-api-6c7d81ae-ed8c-4c72-a352-b7de6ad74577]: Assigning socketPath: /var/folders/4g/55_y28d11718b9cybbt_kzs40000gp/T/fire_emu_26330.sock {"metadata":{"emulator":{"name":"functions"},"message":"[worker-api-6c7d81ae-ed8c-4c72-a352-b7de6ad74577]: Assigning socketPath: /var/folders/4g/55_y28d11718b9cybbt_kzs40000gp/T/fire_emu_26330.sock"}}
[debug] [2020-10-06T10:23:22.922Z] [worker-api-6c7d81ae-ed8c-4c72-a352-b7de6ad74577]: BUSY {"metadata":{"emulator":{"name":"functions"},"message":"[worker-api-6c7d81ae-ed8c-4c72-a352-b7de6ad74577]: BUSY"}}
[debug] [2020-10-06T10:23:25.856Z] [runtime-status] [26330] Functions runtime initialized. {"cwd":"/Users/alex/Documents/develop/js/react/amazon-clone/functions","node_version":"14.12.0"} {"metadata":{"emulator":{"name":"functions"},"function":{"name":"api"},"message":"[runtime-status] [26330] Functions runtime initialized. {\"cwd\":\"/Users/alex/Documents/develop/js/react/amazon-clone/functions\",\"node_version\":\"14.12.0\"}"}}
[debug] [2020-10-06T10:23:25.866Z] [runtime-status] [26330] Disabled runtime features: undefined {"metadata":{"emulator":{"name":"functions"},"function":{"name":"api"},"message":"[runtime-status] [26330] Disabled runtime features: undefined"}}
[debug] [2020-10-06T10:23:25.874Z] [runtime-status] [26330] Resolved module firebase-admin {"declared":true,"installed":true,"version":"8.13.0","resolution":"/Users/alex/Documents/develop/js/react/amazon-clone/functions/node_modules/firebase-admin/lib/index.js"} {"metadata":{"emulator":{"name":"functions"},"function":{"name":"api"},"message":"[runtime-status] [26330] Resolved module firebase-admin {\"declared\":true,\"installed\":true,\"version\":\"8.13.0\",\"resolution\":\"/Users/alex/Documents/develop/js/react/amazon-clone/functions/node_modules/firebase-admin/lib/index.js\"}"}}
[debug] [2020-10-06T10:23:25.875Z] [runtime-status] [26330] Resolved module firebase-functions {"declared":true,"installed":true,"version":"3.11.0","resolution":"/Users/alex/Documents/develop/js/react/amazon-clone/functions/node_modules/firebase-functions/lib/index.js"} {"metadata":{"emulator":{"name":"functions"},"function":{"name":"api"},"message":"[runtime-status] [26330] Resolved module firebase-functions {\"declared\":true,\"installed\":true,\"version\":\"3.11.0\",\"resolution\":\"/Users/alex/Documents/develop/js/react/amazon-clone/functions/node_modules/firebase-functions/lib/index.js\"}"}}
[debug] [2020-10-06T10:23:25.881Z] [runtime-status] [26330] Resolved module firebase-functions {"declared":true,"installed":true,"version":"3.11.0","resolution":"/Users/alex/Documents/develop/js/react/amazon-clone/functions/node_modules/firebase-functions/lib/index.js"} {"metadata":{"emulator":{"name":"functions"},"function":{"name":"api"},"message":"[runtime-status] [26330] Resolved module firebase-functions {\"declared\":true,\"installed\":true,\"version\":\"3.11.0\",\"resolution\":\"/Users/alex/Documents/develop/js/react/amazon-clone/functions/node_modules/firebase-functions/lib/index.js\"}"}}
[debug] [2020-10-06T10:23:25.885Z] [runtime-status] [26330] Outgoing network have been stubbed. [{"name":"http","status":"mocked"},{"name":"http","status":"mocked"},{"name":"https","status":"mocked"},{"name":"https","status":"mocked"},{"name":"net","status":"mocked"}] {"metadata":{"emulator":{"name":"functions"},"function":{"name":"api"},"message":"[runtime-status] [26330] Outgoing network have been stubbed. [{\"name\":\"http\",\"status\":\"mocked\"},{\"name\":\"http\",\"status\":\"mocked\"},{\"name\":\"https\",\"status\":\"mocked\"},{\"name\":\"https\",\"status\":\"mocked\"},{\"name\":\"net\",\"status\":\"mocked\"}]"}}
[debug] [2020-10-06T10:23:25.885Z] [runtime-status] [26330] Resolved module firebase-functions {"declared":true,"installed":true,"version":"3.11.0","resolution":"/Users/alex/Documents/develop/js/react/amazon-clone/functions/node_modules/firebase-functions/lib/index.js"} {"metadata":{"emulator":{"name":"functions"},"function":{"name":"api"},"message":"[runtime-status] [26330] Resolved module firebase-functions {\"declared\":true,\"installed\":true,\"version\":\"3.11.0\",\"resolution\":\"/Users/alex/Documents/develop/js/react/amazon-clone/functions/node_modules/firebase-functions/lib/index.js\"}"}}
[debug] [2020-10-06T10:23:26.511Z] [runtime-status] [26330] Checked functions.config() {"config":{}} {"metadata":{"emulator":{"name":"functions"},"function":{"name":"api"},"message":"[runtime-status] [26330] Checked functions.config() {\"config\":{}}"}}
[debug] [2020-10-06T10:23:26.511Z] [runtime-status] [26330] firebase-functions has been stubbed. {"functionsResolution":{"declared":true,"installed":true,"version":"3.11.0","resolution":"/Users/alex/Documents/develop/js/react/amazon-clone/functions/node_modules/firebase-functions/lib/index.js"}} {"metadata":{"emulator":{"name":"functions"},"function":{"name":"api"},"message":"[runtime-status] [26330] firebase-functions has been stubbed. {\"functionsResolution\":{\"declared\":true,\"installed\":true,\"version\":\"3.11.0\",\"resolution\":\"/Users/alex/Documents/develop/js/react/amazon-clone/functions/node_modules/firebase-functions/lib/index.js\"}}"}}
[debug] [2020-10-06T10:23:26.528Z] [runtime-status] [26330] Resolved module firebase-functions {"declared":true,"installed":true,"version":"3.11.0","resolution":"/Users/alex/Documents/develop/js/react/amazon-clone/functions/node_modules/firebase-functions/lib/index.js"} {"metadata":{"emulator":{"name":"functions"},"function":{"name":"api"},"message":"[runtime-status] [26330] Resolved module firebase-functions {\"declared\":true,\"installed\":true,\"version\":\"3.11.0\",\"resolution\":\"/Users/alex/Documents/develop/js/react/amazon-clone/functions/node_modules/firebase-functions/lib/index.js\"}"}}
[debug] [2020-10-06T10:23:26.616Z] [runtime-status] [26330] Resolved module firebase-admin {"declared":true,"installed":true,"version":"8.13.0","resolution":"/Users/alex/Documents/develop/js/react/amazon-clone/functions/node_modules/firebase-admin/lib/index.js"} {"metadata":{"emulator":{"name":"functions"},"function":{"name":"api"},"message":"[runtime-status] [26330] Resolved module firebase-admin {\"declared\":true,\"installed\":true,\"version\":\"8.13.0\",\"resolution\":\"/Users/alex/Documents/develop/js/react/amazon-clone/functions/node_modules/firebase-admin/lib/index.js\"}"}}
[debug] [2020-10-06T10:23:26.617Z] [runtime-status] [26330] Resolved module firebase-functions {"declared":true,"installed":true,"version":"3.11.0","resolution":"/Users/alex/Documents/develop/js/react/amazon-clone/functions/node_modules/firebase-functions/lib/index.js"} {"metadata":{"emulator":{"name":"functions"},"function":{"name":"api"},"message":"[runtime-status] [26330] Resolved module firebase-functions {\"declared\":true,\"installed\":true,\"version\":\"3.11.0\",\"resolution\":\"/Users/alex/Documents/develop/js/react/amazon-clone/functions/node_modules/firebase-functions/lib/index.js\"}"}}
[debug] [2020-10-06T10:23:26.619Z] [runtime-status] [26330] firebase-admin has been stubbed. {"adminResolution":{"declared":true,"installed":true,"version":"8.13.0","resolution":"/Users/alex/Documents/develop/js/react/amazon-clone/functions/node_modules/firebase-admin/lib/index.js"}} {"metadata":{"emulator":{"name":"functions"},"function":{"name":"api"},"message":"[runtime-status] [26330] firebase-admin has been stubbed. {\"adminResolution\":{\"declared\":true,\"installed\":true,\"version\":\"8.13.0\",\"resolution\":\"/Users/alex/Documents/develop/js/react/amazon-clone/functions/node_modules/firebase-admin/lib/index.js\"}}"}}
[debug] [2020-10-06T10:23:27.219Z] [runtime-status] [26330] Trigger "api" has been found, beginning invocation! {"metadata":{"emulator":{"name":"functions"},"function":{"name":"api"},"message":"[runtime-status] [26330] Trigger \"api\" has been found, beginning invocation!"}}
[info] i  functions: Beginning execution of "api" {"metadata":{"emulator":{"name":"functions"},"function":{"name":"api"},"message":"Beginning execution of \"api\""}}
[debug] [2020-10-06T10:23:27.221Z] [runtime-status] [26330] triggerDefinition {"httpsTrigger":{},"name":"api","entryPoint":"api"} {"metadata":{"emulator":{"name":"functions"},"function":{"name":"api"},"message":"[runtime-status] [26330] triggerDefinition {\"httpsTrigger\":{},\"name\":\"api\",\"entryPoint\":\"api\"}"}}
[debug] [2020-10-06T10:23:27.221Z] [runtime-status] [26330] Running api in mode HTTPS {"metadata":{"emulator":{"name":"functions"},"function":{"name":"api"},"message":"[runtime-status] [26330] Running api in mode HTTPS"}}
[debug] [2020-10-06T10:23:27.306Z] [runtime-status] [26330] Attempting to listen to socketPath: /var/folders/4g/55_y28d11718b9cybbt_kzs40000gp/T/fire_emu_26330.sock {"metadata":{"emulator":{"name":"functions"},"function":{"name":"api"},"message":"[runtime-status] [26330] Attempting to listen to socketPath: /var/folders/4g/55_y28d11718b9cybbt_kzs40000gp/T/fire_emu_26330.sock"}}
[debug] [2020-10-06T10:23:27.318Z] [functions] Runtime ready! Sending request! {"metadata":{"emulator":{"name":"functions"},"message":"[functions] Runtime ready! Sending request!"}}
[debug] [2020-10-06T10:23:27.341Z] [runtime-status] [26330] Ephemeral server handling POST request {"metadata":{"emulator":{"name":"functions"},"function":{"name":"api"},"message":"[runtime-status] [26330] Ephemeral server handling POST request"}}
[info] >  Payment Request Recieved for amount: 0 {"user":"Payment Request Recieved for amount: 0","metadata":{"emulator":{"name":"functions"},"function":{"name":"api"},"message":"\u001b[90m> \u001b[39m Payment Request Recieved for amount: 0"}}
[debug] [2020-10-06T10:23:27.385Z] [runtime-status] [26330] Ephemeral server survived. {"metadata":{"emulator":{"name":"functions"},"function":{"name":"api"},"message":"[runtime-status] [26330] Ephemeral server survived."}}
[info] >  (node:26330) UnhandledPromiseRejectionWarning: Error: This value must be greater than or equal to 1. {"user":"(node:26330) UnhandledPromiseRejectionWarning: Error: This value must be greater than or equal to 1.","metadata":{"emulator":{"name":"functions"},"function":{"name":"api"},"message":"\u001b[90m> \u001b[39m (node:26330) UnhandledPromiseRejectionWarning: Error: This value must be greater than or equal to 1."}}
[info] >      at Function.generate (/Users/alex/Documents/develop/js/react/amazon-clone/functions/node_modules/stripe/lib/Error.js:39:16) {"user":"    at Function.generate (/Users/alex/Documents/develop/js/react/amazon-clone/functions/node_modules/stripe/lib/Error.js:39:16)","metadata":{"emulator":{"name":"functions"},"function":{"name":"api"},"message":"\u001b[90m> \u001b[39m     at Function.generate (/Users/alex/Documents/develop/js/react/amazon-clone/functions/node_modules/stripe/lib/Error.js:39:16)"}}
[info] >      at IncomingMessage.<anonymous> (/Users/alex/Documents/develop/js/react/amazon-clone/functions/node_modules/stripe/lib/StripeResource.js:190:33) {"user":"    at IncomingMessage.<anonymous> (/Users/alex/Documents/develop/js/react/amazon-clone/functions/node_modules/stripe/lib/StripeResource.js:190:33)","metadata":{"emulator":{"name":"functions"},"function":{"name":"api"},"message":"\u001b[90m> \u001b[39m     at IncomingMessage.<anonymous> (/Users/alex/Documents/develop/js/react/amazon-clone/functions/node_modules/stripe/lib/StripeResource.js:190:33)"}}
[info] >      at Object.onceWrapper (events.js:420:28) {"user":"    at Object.onceWrapper (events.js:420:28)","metadata":{"emulator":{"name":"functions"},"function":{"name":"api"},"message":"\u001b[90m> \u001b[39m     at Object.onceWrapper (events.js:420:28)"}}
[info] >      at IncomingMessage.emit (events.js:326:22) {"user":"    at IncomingMessage.emit (events.js:326:22)","metadata":{"emulator":{"name":"functions"},"function":{"name":"api"},"message":"\u001b[90m> \u001b[39m     at IncomingMessage.emit (events.js:326:22)"}}
[info] >      at endReadableNT (_stream_readable.js:1252:12) {"user":"    at endReadableNT (_stream_readable.js:1252:12)","metadata":{"emulator":{"name":"functions"},"function":{"name":"api"},"message":"\u001b[90m> \u001b[39m     at endReadableNT (_stream_readable.js:1252:12)"}}
[info] >      at processTicksAndRejections (internal/process/task_queues.js:80:21) {"user":"    at processTicksAndRejections (internal/process/task_queues.js:80:21)","metadata":{"emulator":{"name":"functions"},"function":{"name":"api"},"message":"\u001b[90m> \u001b[39m     at processTicksAndRejections (internal/process/task_queues.js:80:21)"}}
[info] >  (Use `node --trace-warnings ...` to show where the warning was created) {"user":"(Use `node --trace-warnings ...` to show where the warning was created)","metadata":{"emulator":{"name":"functions"},"function":{"name":"api"},"message":"\u001b[90m> \u001b[39m (Use `node --trace-warnings ...` to show where the warning was created)"}}
[info] >  (node:26330) UnhandledPromiseRejectionWarning: Unhandled promise rejection. This error originated either by throwing inside of an async function without a catch block, or by rejecting a promise which was not handled with .catch(). To terminate the node process on unhandled promise rejection, use the CLI flag `--unhandled-rejections=strict` (see https://nodejs.org/api/cli.html#cli_unhandled_rejections_mode). (rejection id: 1) {"user":"(node:26330) UnhandledPromiseRejectionWarning: Unhandled promise rejection. This error originated either by throwing inside of an async function without a catch block, or by rejecting a promise which was not handled with .catch(). To terminate the node process on unhandled promise rejection, use the CLI flag `--unhandled-rejections=strict` (see https://nodejs.org/api/cli.html#cli_unhandled_rejections_mode). (rejection id: 1)","metadata":{"emulator":{"name":"functions"},"function":{"name":"api"},"message":"\u001b[90m> \u001b[39m (node:26330) UnhandledPromiseRejectionWarning: Unhandled promise rejection. This error originated either by throwing inside of an async function without a catch block, or by rejecting a promise which was not handled with .catch(). To terminate the node process on unhandled promise rejection, use the CLI flag `--unhandled-rejections=strict` (see https://nodejs.org/api/cli.html#cli_unhandled_rejections_mode). (rejection id: 1)"}}
[info] >  (node:26330) [DEP0018] DeprecationWarning: Unhandled promise rejections are deprecated. In the future, promise rejections that are not handled will terminate the Node.js process with a non-zero exit code. {"user":"(node:26330) [DEP0018] DeprecationWarning: Unhandled promise rejections are deprecated. In the future, promise rejections that are not handled will terminate the Node.js process with a non-zero exit code.","metadata":{"emulator":{"name":"functions"},"function":{"name":"api"},"message":"\u001b[90m> \u001b[39m (node:26330) [DEP0018] DeprecationWarning: Unhandled promise rejections are deprecated. In the future, promise rejections that are not handled will terminate the Node.js process with a non-zero exit code."}}
[warn] ⚠  functions: Your function timed out after ~60s. To configure this timeout, see
      https://firebase.google.com/docs/functions/manage-functions#set_timeout_and_memory_allocation. {"metadata":{"emulator":{"name":"functions"},"function":{"name":"api"},"message":"Your function timed out after ~60s. To configure this timeout, see\n      https://firebase.google.com/docs/functions/manage-functions#set_timeout_and_memory_allocation."}}
[info] >  /usr/local/lib/node_modules/firebase-tools/lib/emulator/functionsEmulatorRuntime.js:642 {"user":"/usr/local/lib/node_modules/firebase-tools/lib/emulator/functionsEmulatorRuntime.js:642","metadata":{"emulator":{"name":"functions"},"function":{"name":"api"},"message":"\u001b[90m> \u001b[39m /usr/local/lib/node_modules/firebase-tools/lib/emulator/functionsEmulatorRuntime.js:642"}}
[info] >                  throw new Error("Function timed out."); {"user":"                throw new Error(\"Function timed out.\");","metadata":{"emulator":{"name":"functions"},"function":{"name":"api"},"message":"\u001b[90m> \u001b[39m                 throw new Error(\"Function timed out.\");"}}
[info] >                  ^ {"user":"                ^","metadata":{"emulator":{"name":"functions"},"function":{"name":"api"},"message":"\u001b[90m> \u001b[39m                 ^"}}
[info] >   {"user":"","metadata":{"emulator":{"name":"functions"},"function":{"name":"api"},"message":"\u001b[90m> \u001b[39m "}}
[info] >  Error: Function timed out. {"user":"Error: Function timed out.","metadata":{"emulator":{"name":"functions"},"function":{"name":"api"},"message":"\u001b[90m> \u001b[39m Error: Function timed out."}}
[info] >      at Timeout._onTimeout (/usr/local/lib/node_modules/firebase-tools/lib/emulator/functionsEmulatorRuntime.js:642:23) {"user":"    at Timeout._onTimeout (/usr/local/lib/node_modules/firebase-tools/lib/emulator/functionsEmulatorRuntime.js:642:23)","metadata":{"emulator":{"name":"functions"},"function":{"name":"api"},"message":"\u001b[90m> \u001b[39m     at Timeout._onTimeout (/usr/local/lib/node_modules/firebase-tools/lib/emulator/functionsEmulatorRuntime.js:642:23)"}}
[info] >      at listOnTimeout (internal/timers.js:554:17) {"user":"    at listOnTimeout (internal/timers.js:554:17)","metadata":{"emulator":{"name":"functions"},"function":{"name":"api"},"message":"\u001b[90m> \u001b[39m     at listOnTimeout (internal/timers.js:554:17)"}}
[info] >      at processTimers (internal/timers.js:497:7) {"user":"    at processTimers (internal/timers.js:497:7)","metadata":{"emulator":{"name":"functions"},"function":{"name":"api"},"message":"\u001b[90m> \u001b[39m     at processTimers (internal/timers.js:497:7)"}}
[debug] [2020-10-06T10:24:27.328Z] [worker-api-6c7d81ae-ed8c-4c72-a352-b7de6ad74577]: exited {"metadata":{"emulator":{"name":"functions"},"message":"[worker-api-6c7d81ae-ed8c-4c72-a352-b7de6ad74577]: exited"}}
[debug] [2020-10-06T10:24:27.328Z] [worker-api-6c7d81ae-ed8c-4c72-a352-b7de6ad74577]: FINISHED {"metadata":{"emulator":{"name":"functions"},"message":"[worker-api-6c7d81ae-ed8c-4c72-a352-b7de6ad74577]: FINISHED"}}
[debug] [2020-10-06T10:24:27.329Z] [work-queue] {"queueLength":0,"workRunningCount":0}
[debug] [2020-10-06T10:27:46.460Z] [work-queue] {"queueLength":1,"workRunningCount":0}
[debug] [2020-10-06T10:27:46.462Z] [work-queue] {"queueLength":0,"workRunningCount":1}
[debug] [2020-10-06T10:27:46.467Z] Accepted request POST /clone-15b44/us-central1/api/payments/create?total=96796 --> api
[debug] [2020-10-06T10:27:46.472Z] [worker-pool] Cleaned up workers for api: 1 --> 0 {"metadata":{"emulator":{"name":"functions"},"message":"[worker-pool] Cleaned up workers for api: 1 --> 0"}}
[debug] [2020-10-06T10:27:46.499Z] [worker-pool] addWorker(api) {"metadata":{"emulator":{"name":"functions"},"message":"[worker-pool] addWorker(api)"}}
[debug] [2020-10-06T10:27:46.499Z] [worker-pool] Adding worker with key api, total=1 {"metadata":{"emulator":{"name":"functions"},"message":"[worker-pool] Adding worker with key api, total=1"}}
[debug] [2020-10-06T10:27:46.499Z] [worker-pool] submitWork(triggerId=api) {"metadata":{"emulator":{"name":"functions"},"message":"[worker-pool] submitWork(triggerId=api)"}}
[debug] [2020-10-06T10:27:46.504Z] [worker-api-4d73846a-875f-4084-9bf2-b802e0376af1]: Assigning socketPath: /var/folders/4g/55_y28d11718b9cybbt_kzs40000gp/T/fire_emu_26428.sock {"metadata":{"emulator":{"name":"functions"},"message":"[worker-api-4d73846a-875f-4084-9bf2-b802e0376af1]: Assigning socketPath: /var/folders/4g/55_y28d11718b9cybbt_kzs40000gp/T/fire_emu_26428.sock"}}
[debug] [2020-10-06T10:27:46.699Z] [worker-api-4d73846a-875f-4084-9bf2-b802e0376af1]: BUSY {"metadata":{"emulator":{"name":"functions"},"message":"[worker-api-4d73846a-875f-4084-9bf2-b802e0376af1]: BUSY"}}
[debug] [2020-10-06T10:27:48.554Z] [runtime-status] [26428] Functions runtime initialized. {"cwd":"/Users/alex/Documents/develop/js/react/amazon-clone/functions","node_version":"14.12.0"} {"metadata":{"emulator":{"name":"functions"},"function":{"name":"api"},"message":"[runtime-status] [26428] Functions runtime initialized. {\"cwd\":\"/Users/alex/Documents/develop/js/react/amazon-clone/functions\",\"node_version\":\"14.12.0\"}"}}
[debug] [2020-10-06T10:27:48.557Z] [runtime-status] [26428] Disabled runtime features: undefined {"metadata":{"emulator":{"name":"functions"},"function":{"name":"api"},"message":"[runtime-status] [26428] Disabled runtime features: undefined"}}
[debug] [2020-10-06T10:27:48.561Z] [runtime-status] [26428] Resolved module firebase-admin {"declared":true,"installed":true,"version":"8.13.0","resolution":"/Users/alex/Documents/develop/js/react/amazon-clone/functions/node_modules/firebase-admin/lib/index.js"} {"metadata":{"emulator":{"name":"functions"},"function":{"name":"api"},"message":"[runtime-status] [26428] Resolved module firebase-admin {\"declared\":true,\"installed\":true,\"version\":\"8.13.0\",\"resolution\":\"/Users/alex/Documents/develop/js/react/amazon-clone/functions/node_modules/firebase-admin/lib/index.js\"}"}}
[debug] [2020-10-06T10:27:48.563Z] [runtime-status] [26428] Resolved module firebase-functions {"declared":true,"installed":true,"version":"3.11.0","resolution":"/Users/alex/Documents/develop/js/react/amazon-clone/functions/node_modules/firebase-functions/lib/index.js"} {"metadata":{"emulator":{"name":"functions"},"function":{"name":"api"},"message":"[runtime-status] [26428] Resolved module firebase-functions {\"declared\":true,\"installed\":true,\"version\":\"3.11.0\",\"resolution\":\"/Users/alex/Documents/develop/js/react/amazon-clone/functions/node_modules/firebase-functions/lib/index.js\"}"}}
[debug] [2020-10-06T10:27:48.566Z] [runtime-status] [26428] Resolved module firebase-functions {"declared":true,"installed":true,"version":"3.11.0","resolution":"/Users/alex/Documents/develop/js/react/amazon-clone/functions/node_modules/firebase-functions/lib/index.js"} {"metadata":{"emulator":{"name":"functions"},"function":{"name":"api"},"message":"[runtime-status] [26428] Resolved module firebase-functions {\"declared\":true,\"installed\":true,\"version\":\"3.11.0\",\"resolution\":\"/Users/alex/Documents/develop/js/react/amazon-clone/functions/node_modules/firebase-functions/lib/index.js\"}"}}
[debug] [2020-10-06T10:27:48.568Z] [runtime-status] [26428] Outgoing network have been stubbed. [{"name":"http","status":"mocked"},{"name":"http","status":"mocked"},{"name":"https","status":"mocked"},{"name":"https","status":"mocked"},{"name":"net","status":"mocked"}] {"metadata":{"emulator":{"name":"functions"},"function":{"name":"api"},"message":"[runtime-status] [26428] Outgoing network have been stubbed. [{\"name\":\"http\",\"status\":\"mocked\"},{\"name\":\"http\",\"status\":\"mocked\"},{\"name\":\"https\",\"status\":\"mocked\"},{\"name\":\"https\",\"status\":\"mocked\"},{\"name\":\"net\",\"status\":\"mocked\"}]"}}
[debug] [2020-10-06T10:27:48.569Z] [runtime-status] [26428] Resolved module firebase-functions {"declared":true,"installed":true,"version":"3.11.0","resolution":"/Users/alex/Documents/develop/js/react/amazon-clone/functions/node_modules/firebase-functions/lib/index.js"} {"metadata":{"emulator":{"name":"functions"},"function":{"name":"api"},"message":"[runtime-status] [26428] Resolved module firebase-functions {\"declared\":true,\"installed\":true,\"version\":\"3.11.0\",\"resolution\":\"/Users/alex/Documents/develop/js/react/amazon-clone/functions/node_modules/firebase-functions/lib/index.js\"}"}}
[debug] [2020-10-06T10:27:48.665Z] [runtime-status] [26428] Checked functions.config() {"config":{}} {"metadata":{"emulator":{"name":"functions"},"function":{"name":"api"},"message":"[runtime-status] [26428] Checked functions.config() {\"config\":{}}"}}
[debug] [2020-10-06T10:27:48.666Z] [runtime-status] [26428] firebase-functions has been stubbed. {"functionsResolution":{"declared":true,"installed":true,"version":"3.11.0","resolution":"/Users/alex/Documents/develop/js/react/amazon-clone/functions/node_modules/firebase-functions/lib/index.js"}} {"metadata":{"emulator":{"name":"functions"},"function":{"name":"api"},"message":"[runtime-status] [26428] firebase-functions has been stubbed. {\"functionsResolution\":{\"declared\":true,\"installed\":true,\"version\":\"3.11.0\",\"resolution\":\"/Users/alex/Documents/develop/js/react/amazon-clone/functions/node_modules/firebase-functions/lib/index.js\"}}"}}
[debug] [2020-10-06T10:27:48.666Z] [runtime-status] [26428] Resolved module firebase-functions {"declared":true,"installed":true,"version":"3.11.0","resolution":"/Users/alex/Documents/develop/js/react/amazon-clone/functions/node_modules/firebase-functions/lib/index.js"} {"metadata":{"emulator":{"name":"functions"},"function":{"name":"api"},"message":"[runtime-status] [26428] Resolved module firebase-functions {\"declared\":true,\"installed\":true,\"version\":\"3.11.0\",\"resolution\":\"/Users/alex/Documents/develop/js/react/amazon-clone/functions/node_modules/firebase-functions/lib/index.js\"}"}}
[debug] [2020-10-06T10:27:48.670Z] [runtime-status] [26428] Resolved module firebase-admin {"declared":true,"installed":true,"version":"8.13.0","resolution":"/Users/alex/Documents/develop/js/react/amazon-clone/functions/node_modules/firebase-admin/lib/index.js"} {"metadata":{"emulator":{"name":"functions"},"function":{"name":"api"},"message":"[runtime-status] [26428] Resolved module firebase-admin {\"declared\":true,\"installed\":true,\"version\":\"8.13.0\",\"resolution\":\"/Users/alex/Documents/develop/js/react/amazon-clone/functions/node_modules/firebase-admin/lib/index.js\"}"}}
[debug] [2020-10-06T10:27:48.674Z] [runtime-status] [26428] Resolved module firebase-functions {"declared":true,"installed":true,"version":"3.11.0","resolution":"/Users/alex/Documents/develop/js/react/amazon-clone/functions/node_modules/firebase-functions/lib/index.js"} {"metadata":{"emulator":{"name":"functions"},"function":{"name":"api"},"message":"[runtime-status] [26428] Resolved module firebase-functions {\"declared\":true,\"installed\":true,\"version\":\"3.11.0\",\"resolution\":\"/Users/alex/Documents/develop/js/react/amazon-clone/functions/node_modules/firebase-functions/lib/index.js\"}"}}
[debug] [2020-10-06T10:27:48.676Z] [runtime-status] [26428] firebase-admin has been stubbed. {"adminResolution":{"declared":true,"installed":true,"version":"8.13.0","resolution":"/Users/alex/Documents/develop/js/react/amazon-clone/functions/node_modules/firebase-admin/lib/index.js"}} {"metadata":{"emulator":{"name":"functions"},"function":{"name":"api"},"message":"[runtime-status] [26428] firebase-admin has been stubbed. {\"adminResolution\":{\"declared\":true,\"installed\":true,\"version\":\"8.13.0\",\"resolution\":\"/Users/alex/Documents/develop/js/react/amazon-clone/functions/node_modules/firebase-admin/lib/index.js\"}}"}}
[debug] [2020-10-06T10:27:49.010Z] [runtime-status] [26428] Trigger "api" has been found, beginning invocation! {"metadata":{"emulator":{"name":"functions"},"function":{"name":"api"},"message":"[runtime-status] [26428] Trigger \"api\" has been found, beginning invocation!"}}
[info] i  functions: Beginning execution of "api" {"metadata":{"emulator":{"name":"functions"},"function":{"name":"api"},"message":"Beginning execution of \"api\""}}
[debug] [2020-10-06T10:27:49.011Z] [runtime-status] [26428] triggerDefinition {"httpsTrigger":{},"name":"api","entryPoint":"api"} {"metadata":{"emulator":{"name":"functions"},"function":{"name":"api"},"message":"[runtime-status] [26428] triggerDefinition {\"httpsTrigger\":{},\"name\":\"api\",\"entryPoint\":\"api\"}"}}
[debug] [2020-10-06T10:27:49.012Z] [runtime-status] [26428] Running api in mode HTTPS {"metadata":{"emulator":{"name":"functions"},"function":{"name":"api"},"message":"[runtime-status] [26428] Running api in mode HTTPS"}}
[debug] [2020-10-06T10:27:49.017Z] [runtime-status] [26428] Attempting to listen to socketPath: /var/folders/4g/55_y28d11718b9cybbt_kzs40000gp/T/fire_emu_26428.sock {"metadata":{"emulator":{"name":"functions"},"function":{"name":"api"},"message":"[runtime-status] [26428] Attempting to listen to socketPath: /var/folders/4g/55_y28d11718b9cybbt_kzs40000gp/T/fire_emu_26428.sock"}}
[debug] [2020-10-06T10:27:49.092Z] [functions] Runtime ready! Sending request! {"metadata":{"emulator":{"name":"functions"},"message":"[functions] Runtime ready! Sending request!"}}
[debug] [2020-10-06T10:27:49.113Z] [runtime-status] [26428] Ephemeral server handling POST request {"metadata":{"emulator":{"name":"functions"},"function":{"name":"api"},"message":"[runtime-status] [26428] Ephemeral server handling POST request"}}
[info] >  Payment Request Recieved for amount: 96796 {"user":"Payment Request Recieved for amount: 96796","metadata":{"emulator":{"name":"functions"},"function":{"name":"api"},"message":"\u001b[90m> \u001b[39m Payment Request Recieved for amount: 96796"}}
[debug] [2020-10-06T10:27:49.272Z] [runtime-status] [26428] Ephemeral server survived. {"metadata":{"emulator":{"name":"functions"},"function":{"name":"api"},"message":"[runtime-status] [26428] Ephemeral server survived."}}
[info] i  functions: Finished "api" in ~1s {"metadata":{"emulator":{"name":"functions"},"function":{"name":"api"},"message":"Finished \"api\" in ~1s"}}
[debug] [2020-10-06T10:27:50.783Z] [worker-api-4d73846a-875f-4084-9bf2-b802e0376af1]: IDLE {"metadata":{"emulator":{"name":"functions"},"message":"[worker-api-4d73846a-875f-4084-9bf2-b802e0376af1]: IDLE"}}
[debug] [2020-10-06T10:27:50.783Z] [work-queue] {"queueLength":0,"workRunningCount":0}
[debug] [2020-10-06T10:35:30.690Z] [work-queue] {"queueLength":1,"workRunningCount":0}
[debug] [2020-10-06T10:35:30.703Z] [work-queue] {"queueLength":0,"workRunningCount":1}
[debug] [2020-10-06T10:35:30.705Z] Accepted request POST /clone-15b44/us-central1/api/payments/create?total=0 --> api
[debug] [2020-10-06T10:35:30.713Z] [worker-pool] submitWork(triggerId=api) {"metadata":{"emulator":{"name":"functions"},"message":"[worker-pool] submitWork(triggerId=api)"}}
[debug] [2020-10-06T10:35:30.717Z] [worker-api-4d73846a-875f-4084-9bf2-b802e0376af1]: Assigning socketPath: /var/folders/4g/55_y28d11718b9cybbt_kzs40000gp/T/fire_emu_26428.sock {"metadata":{"emulator":{"name":"functions"},"message":"[worker-api-4d73846a-875f-4084-9bf2-b802e0376af1]: Assigning socketPath: /var/folders/4g/55_y28d11718b9cybbt_kzs40000gp/T/fire_emu_26428.sock"}}
[debug] [2020-10-06T10:35:30.718Z] [worker-api-4d73846a-875f-4084-9bf2-b802e0376af1]: BUSY {"metadata":{"emulator":{"name":"functions"},"message":"[worker-api-4d73846a-875f-4084-9bf2-b802e0376af1]: BUSY"}}
[debug] [2020-10-06T10:35:30.776Z] [runtime-status] [26428] Trigger "api" has been found, beginning invocation! {"metadata":{"emulator":{"name":"functions"},"function":{"name":"api"},"message":"[runtime-status] [26428] Trigger \"api\" has been found, beginning invocation!"}}
[info] i  functions: Beginning execution of "api" {"metadata":{"emulator":{"name":"functions"},"function":{"name":"api"},"message":"Beginning execution of \"api\""}}
[debug] [2020-10-06T10:35:30.793Z] [runtime-status] [26428] triggerDefinition {"httpsTrigger":{},"name":"api","entryPoint":"api"} {"metadata":{"emulator":{"name":"functions"},"function":{"name":"api"},"message":"[runtime-status] [26428] triggerDefinition {\"httpsTrigger\":{},\"name\":\"api\",\"entryPoint\":\"api\"}"}}
[debug] [2020-10-06T10:35:30.793Z] [runtime-status] [26428] Running api in mode HTTPS {"metadata":{"emulator":{"name":"functions"},"function":{"name":"api"},"message":"[runtime-status] [26428] Running api in mode HTTPS"}}
[debug] [2020-10-06T10:35:30.801Z] [runtime-status] [26428] Attempting to listen to socketPath: /var/folders/4g/55_y28d11718b9cybbt_kzs40000gp/T/fire_emu_26428.sock {"metadata":{"emulator":{"name":"functions"},"function":{"name":"api"},"message":"[runtime-status] [26428] Attempting to listen to socketPath: /var/folders/4g/55_y28d11718b9cybbt_kzs40000gp/T/fire_emu_26428.sock"}}
[debug] [2020-10-06T10:35:30.836Z] [functions] Runtime ready! Sending request! {"metadata":{"emulator":{"name":"functions"},"message":"[functions] Runtime ready! Sending request!"}}
[debug] [2020-10-06T10:35:30.874Z] [runtime-status] [26428] Ephemeral server handling POST request {"metadata":{"emulator":{"name":"functions"},"function":{"name":"api"},"message":"[runtime-status] [26428] Ephemeral server handling POST request"}}
[info] >  Payment Request Recieved for amount: 0 {"user":"Payment Request Recieved for amount: 0","metadata":{"emulator":{"name":"functions"},"function":{"name":"api"},"message":"\u001b[90m> \u001b[39m Payment Request Recieved for amount: 0"}}
[debug] [2020-10-06T10:35:30.929Z] [runtime-status] [26428] Ephemeral server survived. {"metadata":{"emulator":{"name":"functions"},"function":{"name":"api"},"message":"[runtime-status] [26428] Ephemeral server survived."}}
[info] >  (node:26428) UnhandledPromiseRejectionWarning: Error: This value must be greater than or equal to 1. {"user":"(node:26428) UnhandledPromiseRejectionWarning: Error: This value must be greater than or equal to 1.","metadata":{"emulator":{"name":"functions"},"function":{"name":"api"},"message":"\u001b[90m> \u001b[39m (node:26428) UnhandledPromiseRejectionWarning: Error: This value must be greater than or equal to 1."}}
[info] >      at Function.generate (/Users/alex/Documents/develop/js/react/amazon-clone/functions/node_modules/stripe/lib/Error.js:39:16) {"user":"    at Function.generate (/Users/alex/Documents/develop/js/react/amazon-clone/functions/node_modules/stripe/lib/Error.js:39:16)","metadata":{"emulator":{"name":"functions"},"function":{"name":"api"},"message":"\u001b[90m> \u001b[39m     at Function.generate (/Users/alex/Documents/develop/js/react/amazon-clone/functions/node_modules/stripe/lib/Error.js:39:16)"}}
[info] >      at IncomingMessage.<anonymous> (/Users/alex/Documents/develop/js/react/amazon-clone/functions/node_modules/stripe/lib/StripeResource.js:190:33) {"user":"    at IncomingMessage.<anonymous> (/Users/alex/Documents/develop/js/react/amazon-clone/functions/node_modules/stripe/lib/StripeResource.js:190:33)","metadata":{"emulator":{"name":"functions"},"function":{"name":"api"},"message":"\u001b[90m> \u001b[39m     at IncomingMessage.<anonymous> (/Users/alex/Documents/develop/js/react/amazon-clone/functions/node_modules/stripe/lib/StripeResource.js:190:33)"}}
[info] >      at Object.onceWrapper (events.js:420:28) {"user":"    at Object.onceWrapper (events.js:420:28)","metadata":{"emulator":{"name":"functions"},"function":{"name":"api"},"message":"\u001b[90m> \u001b[39m     at Object.onceWrapper (events.js:420:28)"}}
[info] >      at IncomingMessage.emit (events.js:326:22) {"user":"    at IncomingMessage.emit (events.js:326:22)","metadata":{"emulator":{"name":"functions"},"function":{"name":"api"},"message":"\u001b[90m> \u001b[39m     at IncomingMessage.emit (events.js:326:22)"}}
[info] >      at endReadableNT (_stream_readable.js:1252:12) {"user":"    at endReadableNT (_stream_readable.js:1252:12)","metadata":{"emulator":{"name":"functions"},"function":{"name":"api"},"message":"\u001b[90m> \u001b[39m     at endReadableNT (_stream_readable.js:1252:12)"}}
[info] >      at processTicksAndRejections (internal/process/task_queues.js:80:21) {"user":"    at processTicksAndRejections (internal/process/task_queues.js:80:21)","metadata":{"emulator":{"name":"functions"},"function":{"name":"api"},"message":"\u001b[90m> \u001b[39m     at processTicksAndRejections (internal/process/task_queues.js:80:21)"}}
[info] >  (Use `node --trace-warnings ...` to show where the warning was created) {"user":"(Use `node --trace-warnings ...` to show where the warning was created)","metadata":{"emulator":{"name":"functions"},"function":{"name":"api"},"message":"\u001b[90m> \u001b[39m (Use `node --trace-warnings ...` to show where the warning was created)"}}
[info] >  (node:26428) UnhandledPromiseRejectionWarning: Unhandled promise rejection. This error originated either by throwing inside of an async function without a catch block, or by rejecting a promise which was not handled with .catch(). To terminate the node process on unhandled promise rejection, use the CLI flag `--unhandled-rejections=strict` (see https://nodejs.org/api/cli.html#cli_unhandled_rejections_mode). (rejection id: 1) {"user":"(node:26428) UnhandledPromiseRejectionWarning: Unhandled promise rejection. This error originated either by throwing inside of an async function without a catch block, or by rejecting a promise which was not handled with .catch(). To terminate the node process on unhandled promise rejection, use the CLI flag `--unhandled-rejections=strict` (see https://nodejs.org/api/cli.html#cli_unhandled_rejections_mode). (rejection id: 1)","metadata":{"emulator":{"name":"functions"},"function":{"name":"api"},"message":"\u001b[90m> \u001b[39m (node:26428) UnhandledPromiseRejectionWarning: Unhandled promise rejection. This error originated either by throwing inside of an async function without a catch block, or by rejecting a promise which was not handled with .catch(). To terminate the node process on unhandled promise rejection, use the CLI flag `--unhandled-rejections=strict` (see https://nodejs.org/api/cli.html#cli_unhandled_rejections_mode). (rejection id: 1)"}}
[info] >  (node:26428) [DEP0018] DeprecationWarning: Unhandled promise rejections are deprecated. In the future, promise rejections that are not handled will terminate the Node.js process with a non-zero exit code. {"user":"(node:26428) [DEP0018] DeprecationWarning: Unhandled promise rejections are deprecated. In the future, promise rejections that are not handled will terminate the Node.js process with a non-zero exit code.","metadata":{"emulator":{"name":"functions"},"function":{"name":"api"},"message":"\u001b[90m> \u001b[39m (node:26428) [DEP0018] DeprecationWarning: Unhandled promise rejections are deprecated. In the future, promise rejections that are not handled will terminate the Node.js process with a non-zero exit code."}}
[debug] [2020-10-06T10:36:02.857Z] [work-queue] {"queueLength":1,"workRunningCount":1}
[debug] [2020-10-06T10:36:02.858Z] [work-queue] {"queueLength":0,"workRunningCount":2}
[debug] [2020-10-06T10:36:02.858Z] Accepted request POST /clone-15b44/us-central1/api/payments/create?total=156695 --> api
[debug] [2020-10-06T10:36:02.890Z] [worker-pool] addWorker(api) {"metadata":{"emulator":{"name":"functions"},"message":"[worker-pool] addWorker(api)"}}
[debug] [2020-10-06T10:36:02.903Z] [worker-pool] Adding worker with key api, total=2 {"metadata":{"emulator":{"name":"functions"},"message":"[worker-pool] Adding worker with key api, total=2"}}
[debug] [2020-10-06T10:36:02.903Z] [worker-pool] submitWork(triggerId=api) {"metadata":{"emulator":{"name":"functions"},"message":"[worker-pool] submitWork(triggerId=api)"}}
[debug] [2020-10-06T10:36:02.904Z] [worker-api-c774ad36-de7b-4c78-a145-adf56ffd2847]: Assigning socketPath: /var/folders/4g/55_y28d11718b9cybbt_kzs40000gp/T/fire_emu_26556.sock {"metadata":{"emulator":{"name":"functions"},"message":"[worker-api-c774ad36-de7b-4c78-a145-adf56ffd2847]: Assigning socketPath: /var/folders/4g/55_y28d11718b9cybbt_kzs40000gp/T/fire_emu_26556.sock"}}
[debug] [2020-10-06T10:36:02.904Z] [worker-api-c774ad36-de7b-4c78-a145-adf56ffd2847]: BUSY {"metadata":{"emulator":{"name":"functions"},"message":"[worker-api-c774ad36-de7b-4c78-a145-adf56ffd2847]: BUSY"}}
[debug] [2020-10-06T10:36:03.967Z] [runtime-status] [26556] Functions runtime initialized. {"cwd":"/Users/alex/Documents/develop/js/react/amazon-clone/functions","node_version":"14.12.0"} {"metadata":{"emulator":{"name":"functions"},"function":{"name":"api"},"message":"[runtime-status] [26556] Functions runtime initialized. {\"cwd\":\"/Users/alex/Documents/develop/js/react/amazon-clone/functions\",\"node_version\":\"14.12.0\"}"}}
[debug] [2020-10-06T10:36:03.969Z] [runtime-status] [26556] Disabled runtime features: undefined {"metadata":{"emulator":{"name":"functions"},"function":{"name":"api"},"message":"[runtime-status] [26556] Disabled runtime features: undefined"}}
[debug] [2020-10-06T10:36:03.977Z] [runtime-status] [26556] Resolved module firebase-admin {"declared":true,"installed":true,"version":"8.13.0","resolution":"/Users/alex/Documents/develop/js/react/amazon-clone/functions/node_modules/firebase-admin/lib/index.js"} {"metadata":{"emulator":{"name":"functions"},"function":{"name":"api"},"message":"[runtime-status] [26556] Resolved module firebase-admin {\"declared\":true,\"installed\":true,\"version\":\"8.13.0\",\"resolution\":\"/Users/alex/Documents/develop/js/react/amazon-clone/functions/node_modules/firebase-admin/lib/index.js\"}"}}
[debug] [2020-10-06T10:36:03.978Z] [runtime-status] [26556] Resolved module firebase-functions {"declared":true,"installed":true,"version":"3.11.0","resolution":"/Users/alex/Documents/develop/js/react/amazon-clone/functions/node_modules/firebase-functions/lib/index.js"} {"metadata":{"emulator":{"name":"functions"},"function":{"name":"api"},"message":"[runtime-status] [26556] Resolved module firebase-functions {\"declared\":true,\"installed\":true,\"version\":\"3.11.0\",\"resolution\":\"/Users/alex/Documents/develop/js/react/amazon-clone/functions/node_modules/firebase-functions/lib/index.js\"}"}}
[debug] [2020-10-06T10:36:03.981Z] [runtime-status] [26556] Resolved module firebase-functions {"declared":true,"installed":true,"version":"3.11.0","resolution":"/Users/alex/Documents/develop/js/react/amazon-clone/functions/node_modules/firebase-functions/lib/index.js"} {"metadata":{"emulator":{"name":"functions"},"function":{"name":"api"},"message":"[runtime-status] [26556] Resolved module firebase-functions {\"declared\":true,\"installed\":true,\"version\":\"3.11.0\",\"resolution\":\"/Users/alex/Documents/develop/js/react/amazon-clone/functions/node_modules/firebase-functions/lib/index.js\"}"}}
[debug] [2020-10-06T10:36:03.984Z] [runtime-status] [26556] Outgoing network have been stubbed. [{"name":"http","status":"mocked"},{"name":"http","status":"mocked"},{"name":"https","status":"mocked"},{"name":"https","status":"mocked"},{"name":"net","status":"mocked"}] {"metadata":{"emulator":{"name":"functions"},"function":{"name":"api"},"message":"[runtime-status] [26556] Outgoing network have been stubbed. [{\"name\":\"http\",\"status\":\"mocked\"},{\"name\":\"http\",\"status\":\"mocked\"},{\"name\":\"https\",\"status\":\"mocked\"},{\"name\":\"https\",\"status\":\"mocked\"},{\"name\":\"net\",\"status\":\"mocked\"}]"}}
[debug] [2020-10-06T10:36:03.984Z] [runtime-status] [26556] Resolved module firebase-functions {"declared":true,"installed":true,"version":"3.11.0","resolution":"/Users/alex/Documents/develop/js/react/amazon-clone/functions/node_modules/firebase-functions/lib/index.js"} {"metadata":{"emulator":{"name":"functions"},"function":{"name":"api"},"message":"[runtime-status] [26556] Resolved module firebase-functions {\"declared\":true,\"installed\":true,\"version\":\"3.11.0\",\"resolution\":\"/Users/alex/Documents/develop/js/react/amazon-clone/functions/node_modules/firebase-functions/lib/index.js\"}"}}
[debug] [2020-10-06T10:36:04.053Z] [runtime-status] [26556] Checked functions.config() {"config":{}} {"metadata":{"emulator":{"name":"functions"},"function":{"name":"api"},"message":"[runtime-status] [26556] Checked functions.config() {\"config\":{}}"}}
[debug] [2020-10-06T10:36:04.054Z] [runtime-status] [26556] firebase-functions has been stubbed. {"functionsResolution":{"declared":true,"installed":true,"version":"3.11.0","resolution":"/Users/alex/Documents/develop/js/react/amazon-clone/functions/node_modules/firebase-functions/lib/index.js"}} {"metadata":{"emulator":{"name":"functions"},"function":{"name":"api"},"message":"[runtime-status] [26556] firebase-functions has been stubbed. {\"functionsResolution\":{\"declared\":true,\"installed\":true,\"version\":\"3.11.0\",\"resolution\":\"/Users/alex/Documents/develop/js/react/amazon-clone/functions/node_modules/firebase-functions/lib/index.js\"}}"}}
[debug] [2020-10-06T10:36:04.055Z] [runtime-status] [26556] Resolved module firebase-functions {"declared":true,"installed":true,"version":"3.11.0","resolution":"/Users/alex/Documents/develop/js/react/amazon-clone/functions/node_modules/firebase-functions/lib/index.js"} {"metadata":{"emulator":{"name":"functions"},"function":{"name":"api"},"message":"[runtime-status] [26556] Resolved module firebase-functions {\"declared\":true,\"installed\":true,\"version\":\"3.11.0\",\"resolution\":\"/Users/alex/Documents/develop/js/react/amazon-clone/functions/node_modules/firebase-functions/lib/index.js\"}"}}
[debug] [2020-10-06T10:36:04.055Z] [runtime-status] [26556] Resolved module firebase-admin {"declared":true,"installed":true,"version":"8.13.0","resolution":"/Users/alex/Documents/develop/js/react/amazon-clone/functions/node_modules/firebase-admin/lib/index.js"} {"metadata":{"emulator":{"name":"functions"},"function":{"name":"api"},"message":"[runtime-status] [26556] Resolved module firebase-admin {\"declared\":true,\"installed\":true,\"version\":\"8.13.0\",\"resolution\":\"/Users/alex/Documents/develop/js/react/amazon-clone/functions/node_modules/firebase-admin/lib/index.js\"}"}}
[debug] [2020-10-06T10:36:04.055Z] [runtime-status] [26556] Resolved module firebase-functions {"declared":true,"installed":true,"version":"3.11.0","resolution":"/Users/alex/Documents/develop/js/react/amazon-clone/functions/node_modules/firebase-functions/lib/index.js"} {"metadata":{"emulator":{"name":"functions"},"function":{"name":"api"},"message":"[runtime-status] [26556] Resolved module firebase-functions {\"declared\":true,\"installed\":true,\"version\":\"3.11.0\",\"resolution\":\"/Users/alex/Documents/develop/js/react/amazon-clone/functions/node_modules/firebase-functions/lib/index.js\"}"}}
[debug] [2020-10-06T10:36:04.056Z] [runtime-status] [26556] firebase-admin has been stubbed. {"adminResolution":{"declared":true,"installed":true,"version":"8.13.0","resolution":"/Users/alex/Documents/develop/js/react/amazon-clone/functions/node_modules/firebase-admin/lib/index.js"}} {"metadata":{"emulator":{"name":"functions"},"function":{"name":"api"},"message":"[runtime-status] [26556] firebase-admin has been stubbed. {\"adminResolution\":{\"declared\":true,\"installed\":true,\"version\":\"8.13.0\",\"resolution\":\"/Users/alex/Documents/develop/js/react/amazon-clone/functions/node_modules/firebase-admin/lib/index.js\"}}"}}
[debug] [2020-10-06T10:36:04.329Z] [runtime-status] [26556] Trigger "api" has been found, beginning invocation! {"metadata":{"emulator":{"name":"functions"},"function":{"name":"api"},"message":"[runtime-status] [26556] Trigger \"api\" has been found, beginning invocation!"}}
[info] i  functions: Beginning execution of "api" {"metadata":{"emulator":{"name":"functions"},"function":{"name":"api"},"message":"Beginning execution of \"api\""}}
[debug] [2020-10-06T10:36:04.332Z] [runtime-status] [26556] triggerDefinition {"httpsTrigger":{},"name":"api","entryPoint":"api"} {"metadata":{"emulator":{"name":"functions"},"function":{"name":"api"},"message":"[runtime-status] [26556] triggerDefinition {\"httpsTrigger\":{},\"name\":\"api\",\"entryPoint\":\"api\"}"}}
[debug] [2020-10-06T10:36:04.332Z] [runtime-status] [26556] Running api in mode HTTPS {"metadata":{"emulator":{"name":"functions"},"function":{"name":"api"},"message":"[runtime-status] [26556] Running api in mode HTTPS"}}
[debug] [2020-10-06T10:36:04.333Z] [runtime-status] [26556] Attempting to listen to socketPath: /var/folders/4g/55_y28d11718b9cybbt_kzs40000gp/T/fire_emu_26556.sock {"metadata":{"emulator":{"name":"functions"},"function":{"name":"api"},"message":"[runtime-status] [26556] Attempting to listen to socketPath: /var/folders/4g/55_y28d11718b9cybbt_kzs40000gp/T/fire_emu_26556.sock"}}
[debug] [2020-10-06T10:36:04.337Z] [functions] Runtime ready! Sending request! {"metadata":{"emulator":{"name":"functions"},"message":"[functions] Runtime ready! Sending request!"}}
[debug] [2020-10-06T10:36:04.381Z] [runtime-status] [26556] Ephemeral server handling POST request {"metadata":{"emulator":{"name":"functions"},"function":{"name":"api"},"message":"[runtime-status] [26556] Ephemeral server handling POST request"}}
[info] >  Payment Request Recieved for amount: 156695 {"user":"Payment Request Recieved for amount: 156695","metadata":{"emulator":{"name":"functions"},"function":{"name":"api"},"message":"\u001b[90m> \u001b[39m Payment Request Recieved for amount: 156695"}}
[debug] [2020-10-06T10:36:04.388Z] [runtime-status] [26556] Ephemeral server survived. {"metadata":{"emulator":{"name":"functions"},"function":{"name":"api"},"message":"[runtime-status] [26556] Ephemeral server survived."}}
[info] i  functions: Finished "api" in ~1s {"metadata":{"emulator":{"name":"functions"},"function":{"name":"api"},"message":"Finished \"api\" in ~1s"}}
[debug] [2020-10-06T10:36:06.001Z] [worker-api-c774ad36-de7b-4c78-a145-adf56ffd2847]: IDLE {"metadata":{"emulator":{"name":"functions"},"message":"[worker-api-c774ad36-de7b-4c78-a145-adf56ffd2847]: IDLE"}}
[debug] [2020-10-06T10:36:06.001Z] [work-queue] {"queueLength":0,"workRunningCount":1}
[warn] ⚠  functions: Your function timed out after ~60s. To configure this timeout, see
      https://firebase.google.com/docs/functions/manage-functions#set_timeout_and_memory_allocation. {"metadata":{"emulator":{"name":"functions"},"function":{"name":"api"},"message":"Your function timed out after ~60s. To configure this timeout, see\n      https://firebase.google.com/docs/functions/manage-functions#set_timeout_and_memory_allocation."}}
[info] >  /usr/local/lib/node_modules/firebase-tools/lib/emulator/functionsEmulatorRuntime.js:642 {"user":"/usr/local/lib/node_modules/firebase-tools/lib/emulator/functionsEmulatorRuntime.js:642","metadata":{"emulator":{"name":"functions"},"function":{"name":"api"},"message":"\u001b[90m> \u001b[39m /usr/local/lib/node_modules/firebase-tools/lib/emulator/functionsEmulatorRuntime.js:642"}}
[info] >                  throw new Error("Function timed out."); {"user":"                throw new Error(\"Function timed out.\");","metadata":{"emulator":{"name":"functions"},"function":{"name":"api"},"message":"\u001b[90m> \u001b[39m                 throw new Error(\"Function timed out.\");"}}
[info] >                  ^ {"user":"                ^","metadata":{"emulator":{"name":"functions"},"function":{"name":"api"},"message":"\u001b[90m> \u001b[39m                 ^"}}
[info] >   {"user":"","metadata":{"emulator":{"name":"functions"},"function":{"name":"api"},"message":"\u001b[90m> \u001b[39m "}}
[info] >  Error: Function timed out. {"user":"Error: Function timed out.","metadata":{"emulator":{"name":"functions"},"function":{"name":"api"},"message":"\u001b[90m> \u001b[39m Error: Function timed out."}}
[info] >      at Timeout._onTimeout (/usr/local/lib/node_modules/firebase-tools/lib/emulator/functionsEmulatorRuntime.js:642:23) {"user":"    at Timeout._onTimeout (/usr/local/lib/node_modules/firebase-tools/lib/emulator/functionsEmulatorRuntime.js:642:23)","metadata":{"emulator":{"name":"functions"},"function":{"name":"api"},"message":"\u001b[90m> \u001b[39m     at Timeout._onTimeout (/usr/local/lib/node_modules/firebase-tools/lib/emulator/functionsEmulatorRuntime.js:642:23)"}}
[info] >      at listOnTimeout (internal/timers.js:554:17) {"user":"    at listOnTimeout (internal/timers.js:554:17)","metadata":{"emulator":{"name":"functions"},"function":{"name":"api"},"message":"\u001b[90m> \u001b[39m     at listOnTimeout (internal/timers.js:554:17)"}}
[info] >      at processTimers (internal/timers.js:497:7) {"user":"    at processTimers (internal/timers.js:497:7)","metadata":{"emulator":{"name":"functions"},"function":{"name":"api"},"message":"\u001b[90m> \u001b[39m     at processTimers (internal/timers.js:497:7)"}}
[debug] [2020-10-06T10:36:31.005Z] [worker-api-4d73846a-875f-4084-9bf2-b802e0376af1]: exited {"metadata":{"emulator":{"name":"functions"},"message":"[worker-api-4d73846a-875f-4084-9bf2-b802e0376af1]: exited"}}
[debug] [2020-10-06T10:36:31.005Z] [worker-api-4d73846a-875f-4084-9bf2-b802e0376af1]: FINISHED {"metadata":{"emulator":{"name":"functions"},"message":"[worker-api-4d73846a-875f-4084-9bf2-b802e0376af1]: FINISHED"}}
[debug] [2020-10-06T10:36:31.005Z] [work-queue] {"queueLength":0,"workRunningCount":0}
